INFO: [VRFC 10-2263] Analyzing Verilog file "/home/barkie1/riscv32i/RISC-V-SoC-with-Custom-Peripherals/neural_branch_predictor/bp_bimodal.v" into library xil_defaultlib
INFO: [VRFC 10-311] analyzing module bp_bimodal
INFO: [VRFC 10-2263] Analyzing Verilog file "/home/barkie1/riscv32i/RISC-V-SoC-with-Custom-Peripherals/neural_branch_predictor/bp_confidence.v" into library xil_defaultlib
INFO: [VRFC 10-311] analyzing module bp_confidence
INFO: [VRFC 10-2263] Analyzing Verilog file "/home/barkie1/riscv32i/RISC-V-SoC-with-Custom-Peripherals/neural_branch_predictor/bp_history.v" into library xil_defaultlib
INFO: [VRFC 10-311] analyzing module bp_history
INFO: [VRFC 10-2263] Analyzing Verilog file "/home/barkie1/riscv32i/RISC-V-SoC-with-Custom-Peripherals/neural_branch_predictor/bp_perceptron.v" into library xil_defaultlib
INFO: [VRFC 10-311] analyzing module bp_perceptron
INFO: [VRFC 10-2263] Analyzing Verilog file "/home/barkie1/riscv32i/RISC-V-SoC-with-Custom-Peripherals/neural_branch_predictor/bp_top.v" into library xil_defaultlib
INFO: [VRFC 10-311] analyzing module bp_top
INFO: [VRFC 10-2263] Analyzing Verilog file "/home/barkie1/riscv32i/RISC-V-SoC-with-Custom-Peripherals/neural_branch_predictor/ctrl_bp.v" into library xil_defaultlib
INFO: [VRFC 10-311] analyzing module ctrl_bp
INFO: [VRFC 10-2263] Analyzing Verilog file "/home/barkie1/riscv32i/RISC-V-SoC-with-Custom-Peripherals/riscv32i_core/data_ram.v" into library xil_defaultlib
INFO: [VRFC 10-311] analyzing module data_ram
INFO: [VRFC 10-2263] Analyzing Verilog file "/home/barkie1/riscv32i/RISC-V-SoC-with-Custom-Peripherals/riscv32i_core/ex.v" into library xil_defaultlib
INFO: [VRFC 10-311] analyzing module ex
INFO: [VRFC 10-2263] Analyzing Verilog file "/home/barkie1/riscv32i/RISC-V-SoC-with-Custom-Peripherals/riscv32i_core/ex_mem.v" into library xil_defaultlib
INFO: [VRFC 10-311] analyzing module ex_mem
INFO: [VRFC 10-2263] Analyzing Verilog file "/home/barkie1/riscv32i/RISC-V-SoC-with-Custom-Peripherals/riscv32i_core/i_f.v" into library xil_defaultlib
INFO: [VRFC 10-311] analyzing module i_f
INFO: [VRFC 10-2263] Analyzing Verilog file "/home/barkie1/riscv32i/RISC-V-SoC-with-Custom-Peripherals/riscv32i_core/id.v" into library xil_defaultlib
INFO: [VRFC 10-311] analyzing module id
INFO: [VRFC 10-2263] Analyzing Verilog file "/home/barkie1/riscv32i/RISC-V-SoC-with-Custom-Peripherals/riscv32i_core/id_ex.v" into library xil_defaultlib
INFO: [VRFC 10-311] analyzing module id_ex
INFO: [VRFC 10-2263] Analyzing Verilog file "/home/barkie1/riscv32i/RISC-V-SoC-with-Custom-Peripherals/riscv32i_core/if_id.v" into library xil_defaultlib
INFO: [VRFC 10-311] analyzing module if_id
INFO: [VRFC 10-2263] Analyzing Verilog file "/home/barkie1/riscv32i/RISC-V-SoC-with-Custom-Peripherals/riscv32i_core/mem.v" into library xil_defaultlib
INFO: [VRFC 10-311] analyzing module mem
INFO: [VRFC 10-2263] Analyzing Verilog file "/home/barkie1/riscv32i/RISC-V-SoC-with-Custom-Peripherals/riscv32i_core/mem_wb.v" into library xil_defaultlib
INFO: [VRFC 10-311] analyzing module mem_wb
INFO: [VRFC 10-2263] Analyzing Verilog file "/home/barkie1/riscv32i/RISC-V-SoC-with-Custom-Peripherals/riscv32i_core/pc_reg.v" into library xil_defaultlib
INFO: [VRFC 10-311] analyzing module pc_reg
INFO: [VRFC 10-2263] Analyzing Verilog file "/home/barkie1/riscv32i/RISC-V-SoC-with-Custom-Peripherals/riscv32i_core/pipeline_reg.v" into library xil_defaultlib
INFO: [VRFC 10-311] analyzing module pipeline_reg
INFO: [VRFC 10-2263] Analyzing Verilog file "/home/barkie1/riscv32i/RISC-V-SoC-with-Custom-Peripherals/riscv32i_core/reg_file.v" into library xil_defaultlib
INFO: [VRFC 10-311] analyzing module reg_file
INFO: [VRFC 10-2263] Analyzing Verilog file "/home/barkie1/riscv32i/RISC-V-SoC-with-Custom-Peripherals/neural_branch_predictor/risc_v_soc_bp.v" into library xil_defaultlib
INFO: [VRFC 10-311] analyzing module risc_v_soc_bp
INFO: [VRFC 10-2263] Analyzing Verilog file "/home/barkie1/riscv32i/RISC-V-SoC-with-Custom-Peripherals/riscv32i_core/rom.v" into library xil_defaultlib
INFO: [VRFC 10-311] analyzing module rom
INFO: [VRFC 10-2263] Analyzing Verilog file "/home/barkie1/riscv32i/RISC-V-SoC-with-Custom-Peripherals/neural_branch_predictor/top_bp.v" into library xil_defaultlib
INFO: [VRFC 10-311] analyzing module top_bp
INFO: [VRFC 10-2263] Analyzing Verilog file "/home/barkie1/riscv32i/RISC-V-SoC-with-Custom-Peripherals/neural_branch_predictor/tb_bp_metrics.v" into library xil_defaultlib
INFO: [VRFC 10-311] analyzing module tb_bp_metrics
