Vivado Simulator v2022.2
Copyright 1986-1999, 2001-2022 Xilinx, Inc. All Rights Reserved.
Running: /mnt/ssd/Xilinx/Vivado/2022.2/bin/unwrapped/lnx64.o/xelab --incr --debug typical --relax --mt 8 -L xil_defaultlib -L unisims_ver -L unimacro_ver -L secureip --snapshot tb_bp_metrics_behav xil_defaultlib.tb_bp_metrics xil_defaultlib.glbl -log elaborate.log 
Using 8 slave threads.
Starting static elaboration
Pass Through NonSizing Optimizer
Completed static elaboration
Starting simulation data flow analysis
Completed simulation data flow analysis
Time Resolution for simulation is 1ps
Compiling module xil_defaultlib.ctrl_bp
Compiling module xil_defaultlib.pc_reg
Compiling module xil_defaultlib.i_f
Compiling module xil_defaultlib.pipeline_reg
Compiling module xil_defaultlib.if_id
Compiling module xil_defaultlib.reg_file
Compiling module xil_defaultlib.id
Compiling module xil_defaultlib.bp_bimodal_default
Compiling module xil_defaultlib.bp_confidence
Compiling module xil_defaultlib.bp_history
Compiling module xil_defaultlib.bp_perceptron_default
Compiling module xil_defaultlib.bp_top
Compiling module xil_defaultlib.pipeline_reg(WIDTH=5)
Compiling module xil_defaultlib.pipeline_reg(WIDTH=1)
Compiling module xil_defaultlib.pipeline_reg(WIDTH=3)
Compiling module xil_defaultlib.pipeline_reg(WIDTH=7)
Compiling module xil_defaultlib.id_ex
Compiling module xil_defaultlib.pipeline_reg(WIDTH=8)
Compiling module xil_defaultlib.pipeline_reg(WIDTH=4)
Compiling module xil_defaultlib.ex
Compiling module xil_defaultlib.ex_mem
Compiling module xil_defaultlib.mem
Compiling module xil_defaultlib.mem_wb
Compiling module xil_defaultlib.top_bp
Compiling module xil_defaultlib.rom
Compiling module xil_defaultlib.data_ram
Compiling module xil_defaultlib.risc_v_soc_bp
Compiling module xil_defaultlib.tb_bp_metrics
Compiling module xil_defaultlib.glbl
Built simulation snapshot tb_bp_metrics_behav
